
Jan 25, 2021 16:14:53.90 NEW SESSION
Jan 25, 2021 16:14:53.90 Opening in existing browser session.
Jan 25, 2021 16:16:34.776 Opening in existing browser session.
Jan 25, 2021 16:27:24.496 Opening in existing browser session.
Jan 25, 2021 16:28:26.72 Opening in existing browser session.
Jan 25, 2021 16:28:58.691 Opening in existing browser session.
Jan 25, 2021 16:41:59.163 Opening in existing browser session.
Jan 25, 2021 16:42:12.683 Opening in existing browser session.
Jan 25, 2021 17:02:49.816 Opening in existing browser session.
Jan 25, 2021 17:30:06.87 Opening in existing browser session.
Jan 25, 2021 17:31:47.484 Opening in existing browser session.
Jan 25, 2021 17:33:42.450 Opening in existing browser session.
Jan 25, 2021 17:39:34.257 Opening in existing browser session.

Feb 04, 2021 09:12:58.581 NEW SESSION
Feb 04, 2021 09:12:58.581 Opening in existing browser session.

Feb 04, 2021 12:59:06.910 NEW SESSION
Feb 04, 2021 12:59:06.910 Opening in existing browser session.
Feb 04, 2021 13:18:22.460 Opening in existing browser session.
Feb 04, 2021 13:18:37.256 Opening in existing browser session.
Feb 04, 2021 13:22:26.364 Opening in existing browser session.
Feb 04, 2021 13:31:53.231 Opening in existing browser session.
Feb 04, 2021 13:35:47.720 Opening in existing browser session.
Feb 04, 2021 13:51:45.480 Opening in existing browser session.

Feb 04, 2021 14:10:34.433 NEW SESSION
Feb 04, 2021 14:10:34.433 Opening in existing browser session.
Feb 04, 2021 14:35:35.488 Opening in existing browser session.
Feb 04, 2021 14:36:45.597 Opening in existing browser session.
Feb 04, 2021 14:38:02.192 Opening in existing browser session.
Feb 04, 2021 14:41:09.800 Opening in existing browser session.
Feb 04, 2021 14:50:19.90 Opening in existing browser session.

Feb 15, 2021 18:57:05.73 NEW SESSION
Feb 15, 2021 18:57:05.73 Gtk-Message: 18:57:05.070: Failed to load module "appmenu-gtk-module"
Feb 15, 2021 18:57:05.246 Opening in existing browser session.

Feb 17, 2021 05:26:22.786 NEW SESSION
Feb 17, 2021 05:26:22.787 Gtk-Message: 05:26:22.785: Failed to load module "appmenu-gtk-module"
Feb 17, 2021 05:26:22.837 Opening in existing browser session.

Feb 19, 2021 18:38:00.784 NEW SESSION
Feb 19, 2021 18:38:00.784 Gtk-Message: 18:38:00.783: Failed to load module "appmenu-gtk-module"
Feb 19, 2021 18:38:00.942 Opening in existing browser session.
Feb 19, 2021 18:55:11.739 Gtk-Message: 18:55:11.739: Failed to load module "appmenu-gtk-module"
Feb 19, 2021 18:55:11.802 Opening in existing browser session.
Feb 19, 2021 18:55:43.542 Gtk-Message: 18:55:43.541: Failed to load module "appmenu-gtk-module"
Feb 19, 2021 18:55:43.597 Opening in existing browser session.

Feb 20, 2021 21:59:06.648 NEW SESSION
Feb 20, 2021 21:59:06.648 Gtk-Message: 21:59:06.647: Failed to load module "appmenu-gtk-module"
Feb 20, 2021 21:59:06.836 [25333:25333:0220/215906.835889:ERROR:sandbox_linux.cc(374)] InitializeSandbox() called with multiple threads in process gpu-process.
Feb 20, 2021 22:03:13.637 Gtk-Message: 22:03:13.637: Failed to load module "appmenu-gtk-module"
Feb 20, 2021 22:03:13.732 Opening in existing browser session.
Feb 20, 2021 22:03:33.242 Gtk-Message: 22:03:33.242: Failed to load module "appmenu-gtk-module"
Feb 20, 2021 22:03:33.368 Opening in existing browser session.
Feb 20, 2021 22:05:04.538 Gtk-Message: 22:05:04.538: Failed to load module "appmenu-gtk-module"
Feb 20, 2021 22:05:04.711 Opening in existing browser session.
Feb 20, 2021 22:09:01.262 Gtk-Message: 22:09:01.261: Failed to load module "appmenu-gtk-module"
Feb 20, 2021 22:09:01.425 Opening in existing browser session.

Mar 04, 2021 13:11:38.287 NEW SESSION
Mar 04, 2021 13:11:38.287 Gtk-Message: 13:11:38.286: Failed to load module "appmenu-gtk-module"
Mar 04, 2021 13:11:38.536 [7368:7368:0304/131138.536546:ERROR:sandbox_linux.cc(374)] InitializeSandbox() called with multiple threads in process gpu-process.
Mar 04, 2021 13:19:47.144 Gtk-Message: 13:19:47.144: Failed to load module "appmenu-gtk-module"
Mar 04, 2021 13:19:47.196 Opening in existing browser session.
Mar 04, 2021 13:34:01.158 Gtk-Message: 13:34:01.158: Failed to load module "appmenu-gtk-module"
Mar 04, 2021 13:34:01.210 Opening in existing browser session.

Mar 06, 2021 11:53:48.670 NEW SESSION
Mar 06, 2021 11:53:48.670 Gtk-Message: 11:53:48.670: Failed to load module "appmenu-gtk-module"
Mar 06, 2021 11:53:48.722 Opening in existing browser session.
Mar 06, 2021 11:55:54.303 Gtk-Message: 11:55:54.303: Failed to load module "appmenu-gtk-module"
Mar 06, 2021 11:55:54.394 Opening in existing browser session.
Mar 06, 2021 11:56:38.217 Gtk-Message: 11:56:38.216: Failed to load module "appmenu-gtk-module"
Mar 06, 2021 11:56:38.275 Opening in existing browser session.
Mar 06, 2021 12:05:43.112 Gtk-Message: 12:05:43.111: Failed to load module "appmenu-gtk-module"
Mar 06, 2021 12:05:43.203 Opening in existing browser session.
Mar 06, 2021 12:14:23.569 Gtk-Message: 12:14:23.569: Failed to load module "appmenu-gtk-module"
Mar 06, 2021 12:14:23.631 Opening in existing browser session.
Mar 06, 2021 12:17:05.223 Gtk-Message: 12:17:05.223: Failed to load module "appmenu-gtk-module"
Mar 06, 2021 12:17:05.275 Opening in existing browser session.
Mar 06, 2021 12:18:38.981 Gtk-Message: 12:18:38.981: Failed to load module "appmenu-gtk-module"
Mar 06, 2021 12:18:39.72 Opening in existing browser session.
Mar 06, 2021 12:20:06.785 Gtk-Message: 12:20:06.785: Failed to load module "appmenu-gtk-module"
Mar 06, 2021 12:20:06.843 Opening in existing browser session.

Mar 06, 2021 12:38:21.247 NEW SESSION
Mar 06, 2021 12:38:21.247 Gtk-Message: 12:38:21.246: Failed to load module "appmenu-gtk-module"
Mar 06, 2021 12:38:21.341 Opening in existing browser session.

Mar 06, 2021 13:17:25.964 NEW SESSION
Mar 06, 2021 13:17:25.964 Gtk-Message: 13:17:25.963: Failed to load module "appmenu-gtk-module"
Mar 06, 2021 13:17:26.12 Opening in existing browser session.
Mar 06, 2021 13:17:59.300 Gtk-Message: 13:17:59.300: Failed to load module "appmenu-gtk-module"
Mar 06, 2021 13:17:59.417 Opening in existing browser session.
Mar 06, 2021 13:18:50.262 Gtk-Message: 13:18:50.261: Failed to load module "appmenu-gtk-module"
Mar 06, 2021 13:18:50.425 Opening in existing browser session.
Mar 06, 2021 13:21:17.39 Gtk-Message: 13:21:17.038: Failed to load module "appmenu-gtk-module"
Mar 06, 2021 13:21:17.194 Opening in existing browser session.

Mar 06, 2021 13:28:59.796 NEW SESSION
Mar 06, 2021 13:28:59.796 Gtk-Message: 13:28:59.795: Failed to load module "appmenu-gtk-module"
Mar 06, 2021 13:28:59.853 Opening in existing browser session.

Mar 06, 2021 13:32:34.367 NEW SESSION
Mar 06, 2021 13:32:34.367 Gtk-Message: 13:32:34.365: Failed to load module "appmenu-gtk-module"
Mar 06, 2021 13:32:34.539 Opening in existing browser session.
Mar 06, 2021 13:34:14.561 Gtk-Message: 13:34:14.561: Failed to load module "appmenu-gtk-module"
Mar 06, 2021 13:34:14.676 Opening in existing browser session.
Mar 06, 2021 13:35:11.721 Gtk-Message: 13:35:11.721: Failed to load module "appmenu-gtk-module"
Mar 06, 2021 13:35:11.822 Opening in existing browser session.
Mar 06, 2021 13:35:43.962 Gtk-Message: 13:35:43.962: Failed to load module "appmenu-gtk-module"
Mar 06, 2021 13:35:44.107 Opening in existing browser session.

Mar 06, 2021 13:52:08.872 NEW SESSION
Mar 06, 2021 13:52:08.872 Gtk-Message: 13:52:08.872: Failed to load module "appmenu-gtk-module"
Mar 06, 2021 13:52:08.931 Opening in existing browser session.

Mar 16, 2021 19:00:18.406 NEW SESSION
Mar 16, 2021 19:00:18.406 Gtk-Message: 19:00:18.405: Failed to load module "appmenu-gtk-module"
Mar 16, 2021 19:00:18.509 Opening in existing browser session.
Mar 16, 2021 19:01:33.922 Gtk-Message: 19:01:33.921: Failed to load module "appmenu-gtk-module"
Mar 16, 2021 19:01:34.133 Opening in existing browser session.
Mar 16, 2021 19:02:09.194 Gtk-Message: 19:02:09.193: Failed to load module "appmenu-gtk-module"
Mar 16, 2021 19:02:09.247 Opening in existing browser session.
Mar 16, 2021 19:02:58.572 Gtk-Message: 19:02:58.571: Failed to load module "appmenu-gtk-module"
Mar 16, 2021 19:02:58.652 Opening in existing browser session.
Mar 16, 2021 19:03:14.408 Gtk-Message: 19:03:14.407: Failed to load module "appmenu-gtk-module"
Mar 16, 2021 19:03:14.537 Opening in existing browser session.
Mar 16, 2021 19:03:38.211 Gtk-Message: 19:03:38.210: Failed to load module "appmenu-gtk-module"
Mar 16, 2021 19:03:38.373 Opening in existing browser session.
Mar 16, 2021 19:03:54.609 Gtk-Message: 19:03:54.609: Failed to load module "appmenu-gtk-module"
Mar 16, 2021 19:03:54.767 Opening in existing browser session.
Mar 16, 2021 19:04:22.955 Gtk-Message: 19:04:22.955: Failed to load module "appmenu-gtk-module"
Mar 16, 2021 19:04:23.09 Opening in existing browser session.
Mar 16, 2021 19:05:53.899 Gtk-Message: 19:05:53.899: Failed to load module "appmenu-gtk-module"
Mar 16, 2021 19:05:54.11 Opening in existing browser session.
Mar 16, 2021 19:06:35.315 Gtk-Message: 19:06:35.314: Failed to load module "appmenu-gtk-module"
Mar 16, 2021 19:06:35.526 Opening in existing browser session.
Mar 16, 2021 19:10:31.60 Gtk-Message: 19:10:31.060: Failed to load module "appmenu-gtk-module"
Mar 16, 2021 19:10:31.134 Opening in existing browser session.
Mar 16, 2021 19:11:15.213 Gtk-Message: 19:11:15.212: Failed to load module "appmenu-gtk-module"
Mar 16, 2021 19:11:15.375 Opening in existing browser session.
Mar 16, 2021 21:34:43.494 Gtk-Message: 21:34:43.494: Failed to load module "appmenu-gtk-module"
Mar 16, 2021 21:34:43.586 Opening in existing browser session.
Mar 16, 2021 21:34:58.990 Gtk-Message: 21:34:58.990: Failed to load module "appmenu-gtk-module"
Mar 16, 2021 21:34:59.49 Opening in existing browser session.
Mar 16, 2021 21:35:15.196 Gtk-Message: 21:35:15.196: Failed to load module "appmenu-gtk-module"
Mar 16, 2021 21:35:15.253 Opening in existing browser session.
Mar 16, 2021 21:39:51.990 Gtk-Message: 21:39:51.990: Failed to load module "appmenu-gtk-module"
Mar 16, 2021 21:39:52.46 Opening in existing browser session.
Mar 16, 2021 21:40:11.654 Gtk-Message: 21:40:11.654: Failed to load module "appmenu-gtk-module"
Mar 16, 2021 21:40:11.707 Opening in existing browser session.
Mar 16, 2021 21:40:54.619 Gtk-Message: 21:40:54.619: Failed to load module "appmenu-gtk-module"
Mar 16, 2021 21:40:54.673 Opening in existing browser session.
Mar 16, 2021 21:41:45.719 Gtk-Message: 21:41:45.719: Failed to load module "appmenu-gtk-module"
Mar 16, 2021 21:41:45.812 Opening in existing browser session.
Mar 16, 2021 21:42:11.769 Gtk-Message: 21:42:11.769: Failed to load module "appmenu-gtk-module"
Mar 16, 2021 21:42:11.860 Opening in existing browser session.

Mar 17, 2021 10:42:19.944 NEW SESSION
Mar 17, 2021 10:42:19.944 Gtk-Message: 10:42:19.943: Failed to load module "appmenu-gtk-module"
Mar 17, 2021 10:42:20.40 Opening in existing browser session.

Mar 18, 2021 05:54:58.615 NEW SESSION
Mar 18, 2021 05:54:58.615 Gtk-Message: 05:54:58.614: Failed to load module "appmenu-gtk-module"
Mar 18, 2021 05:54:58.670 Opening in existing browser session.
Mar 18, 2021 06:08:17.272 Gtk-Message: 06:08:17.271: Failed to load module "appmenu-gtk-module"
Mar 18, 2021 06:08:17.324 Opening in existing browser session.
